Command line:
   tb_top_lcd_isim_beh.exe
     -simmode  gui
     -simrunnum  0
     -socket  65130

Thu Nov 28 12:14:27 2019


 Elaboration Time: 0.0625 sec

 Current Memory Usage: 5160.17 Meg

 Total Signals          : 74
 Total Nets             : 131
 Total Signal Drivers   : 27
 Total Blocks           : 10
 Total Primitive Blocks : 7
 Total Processes        : 11
 Total Traceable Variables  : 48
 Total Scalar Nets and Variables : 743
Total Line Count : 500

** Failure: failure first set up stet 
User(VHDL) Code Called Simulation Stop
In process tb_top_lcd.vhd:stim_proc 
 


 Total Simulation Time: 0.171875 sec

 Current Memory Usage: 5474.74 Meg

Thu Nov 28 12:15:15 2019

