Command line:
   tb_main_control_unit_isim_beh.exe
     -simmode  gui
     -simrunnum  0
     -socket  49674

Thu Nov 28 16:06:36 2019


 Elaboration Time: 0.03125 sec

 Current Memory Usage: 5160.15 Meg

 Total Signals          : 40
 Total Nets             : 38
 Total Signal Drivers   : 22
 Total Blocks           : 6
 Total Primitive Blocks : 4
 Total Processes        : 6
 Total Traceable Variables  : 45
 Total Scalar Nets and Variables : 647
Total Line Count : 207

 Total Simulation Time: 0.28125 sec

 Current Memory Usage: 5002.86 Meg

Thu Nov 28 16:08:26 2019

