Release 14.7 - ngc2edif P.20131013 (nt64)
Copyright (c) 1995-2013 Xilinx, Inc.  All rights reserved.
Reading design top_display.ngc ...
WARNING:NetListWriters:298 - No output is written to top_display.xncf, ignored.
Processing design ...
   Preping design's networks ...
   Preping design's macros ...
WARNING:NetListWriters:306 - Signal bus
   interface/state[3]_X_4_o_wide_mux_155_OUT<3 : 1> on block top_display is not
   reconstructed, because there are some missing bus signals.
WARNING:NetListWriters:306 - Signal bus
   interface/dataOUT[7]_GND_4_o_mux_93_OUT<7 : 0> on block top_display is not
   reconstructed, because there are some missing bus signals.
WARNING:NetListWriters:306 - Signal bus
   interface/dataOUT[7]_GND_4_o_mux_71_OUT<7 : 0> on block top_display is not
   reconstructed, because there are some missing bus signals.
WARNING:NetListWriters:306 - Signal bus interface/_i000046<3 : 0> on block
   top_display is not reconstructed, because there are some missing bus signals.
WARNING:NetListWriters:306 - Signal bus interface/_i000146<7 : 0> on block
   top_display is not reconstructed, because there are some missing bus signals.
WARNING:NetListWriters:306 - Signal bus interface/_i000123<7 : 0> on block
   top_display is not reconstructed, because there are some missing bus signals.
WARNING:NetListWriters:306 - Signal bus interface/_i000100<6 : 0> on block
   top_display is not reconstructed, because there are some missing bus signals.
  finished :Prep
Writing EDIF netlist file top_display.edif ...
ngc2edif: Total memory usage is 4315580 kilobytes

Release 14.7 - ngc2edif P.20131013 (nt64)
Copyright (c) 1995-2013 Xilinx, Inc.  All rights reserved.
Reading design top_display.ngc ...
WARNING:NetListWriters:298 - No output is written to top_display.xncf, ignored.
Processing design ...
   Preping design's networks ...
   Preping design's macros ...
WARNING:NetListWriters:306 - Signal bus
   interface/state[3]_X_4_o_wide_mux_155_OUT<3 : 1> on block top_display is not
   reconstructed, because there are some missing bus signals.
WARNING:NetListWriters:306 - Signal bus
   interface/dataOUT[7]_GND_4_o_mux_93_OUT<7 : 0> on block top_display is not
   reconstructed, because there are some missing bus signals.
WARNING:NetListWriters:306 - Signal bus
   interface/dataOUT[7]_GND_4_o_mux_71_OUT<7 : 0> on block top_display is not
   reconstructed, because there are some missing bus signals.
WARNING:NetListWriters:306 - Signal bus interface/_i000046<3 : 0> on block
   top_display is not reconstructed, because there are some missing bus signals.
WARNING:NetListWriters:306 - Signal bus interface/_i000146<7 : 0> on block
   top_display is not reconstructed, because there are some missing bus signals.
WARNING:NetListWriters:306 - Signal bus interface/_i000123<7 : 0> on block
   top_display is not reconstructed, because there are some missing bus signals.
WARNING:NetListWriters:306 - Signal bus interface/_i000100<6 : 0> on block
   top_display is not reconstructed, because there are some missing bus signals.
  finished :Prep
Writing EDIF netlist file top_display.edif ...
ngc2edif: Total memory usage is 4315008 kilobytes

