Running: D:\programmi\Xilinx\14.7\ISE_DS\ISE\bin\nt64\unwrapped\fuse.exe -intstyle ise -incremental -lib secureip -o D:/uni/2019-2020/CTH/Digital_project_laboratory/project/vhdl/comparison/tb_comparison_isim_beh.exe -prj D:/uni/2019-2020/CTH/Digital_project_laboratory/project/vhdl/comparison/tb_comparison_beh.prj work.tb_comparison 
ISim P.20131013 (signature 0x7708f090)
Number of CPUs detected in this system: 8
Turning on mult-threading, number of parallel sub-compilation jobs: 16 
Determining compilation order of HDL files
Parsing VHDL file "D:/uni/2019-2020/CTH/Digital_project_laboratory/project/vhdl/comparison/reg.vhd" into library work
Parsing VHDL file "D:/uni/2019-2020/CTH/Digital_project_laboratory/project/vhdl/comparison/mux4_1.vhd" into library work
Parsing VHDL file "D:/uni/2019-2020/CTH/Digital_project_laboratory/project/vhdl/comparison/mux.vhd" into library work
Parsing VHDL file "D:/uni/2019-2020/CTH/Digital_project_laboratory/project/vhdl/comparison/counter_comparison.vhd" into library work
Parsing VHDL file "D:/uni/2019-2020/CTH/Digital_project_laboratory/project/vhdl/comparison/comparator.vhd" into library work
Parsing VHDL file "D:/uni/2019-2020/CTH/Digital_project_laboratory/project/vhdl/comparison/comparison.vhd" into library work
Parsing VHDL file "D:/uni/2019-2020/CTH/Digital_project_laboratory/project/vhdl/comparison/tb_comparison.vhd" into library work
Starting static elaboration
Completed static elaboration
Compiling package standard
Compiling package std_logic_1164
Compiling package numeric_std
Compiling architecture behavioral of entity counter_comparison [counter_comparison_default]
Compiling architecture behavioral of entity reg [\reg(8)\]
Compiling architecture behavioral of entity comparator [\comparator(8)\]
Compiling architecture behavioral of entity mux [\mux(8)\]
Compiling architecture behavioral of entity mux4_1 [\mux4_1(8)\]
Compiling architecture structural of entity comparison [\comparison(8)\]
Compiling architecture behavior of entity tb_comparison
Time Resolution for simulation is 1ps.
WARNING:Simulator - Unable to copy libPortabilityNOSH.dll to the simulation executable directory: boost::filesystem::copy_file: The system cannot find the path specified, "isim\tb_comparison_isim_beh.exe.sim\libPortability.dll".
Compiled 16 VHDL Units
Built simulation executable D:/uni/2019-2020/CTH/Digital_project_laboratory/project/vhdl/comparison/tb_comparison_isim_beh.exe
Fuse Memory Usage: 35744 KB
Fuse CPU Usage: 780 ms
