ISim log file
Running: D:\uni\2019-2020\CTH\Digital_project_laboratory\project\vhdl\comparison\tb_comparison_isim_beh.exe -intstyle ise -gui -tclbatch isim.cmd -wdb D:/uni/2019-2020/CTH/Digital_project_laboratory/project/vhdl/comparison/tb_comparison_isim_beh.wdb 
ISim P.20131013 (signature 0x7708f090)
WARNING: A WEBPACK license was found.
WARNING: Please use Xilinx License Configuration Manager to check out a full ISim license.
WARNING: ISim will run in Lite mode. Please refer to the ISim documentation for more information on the differences between the Lite and the Full version.
This is a Lite version of ISim.
Time resolution is 1 ps
# onerror resume
# wave add /
# run 1000 ns
Simulator is doing circuit initialization process.
Finished circuit initialization process.

** Failure:computation not started
User(VHDL) Code Called Simulation Stop
In process tb_comparison.vhd:stim_proc 
 
INFO: Simulator is stopped.
ISim P.20131013 (signature 0x7708f090)
WARNING: A WEBPACK license was found.
WARNING: Please use Xilinx License Configuration Manager to check out a full ISim license.
WARNING: ISim will run in Lite mode. Please refer to the ISim documentation for more information on the differences between the Lite and the Full version.
This is a Lite version of ISim.
# run 1000 ns
Simulator is doing circuit initialization process.
Finished circuit initialization process.

** Failure:computation not started
User(VHDL) Code Called Simulation Stop
In process tb_comparison.vhd:stim_proc 
 
INFO: Simulator is stopped.
ISim P.20131013 (signature 0x7708f090)
WARNING: A WEBPACK license was found.
WARNING: Please use Xilinx License Configuration Manager to check out a full ISim license.
WARNING: ISim will run in Lite mode. Please refer to the ISim documentation for more information on the differences between the Lite and the Full version.
This is a Lite version of ISim.
# run 1000 ns
Simulator is doing circuit initialization process.
Finished circuit initialization process.

** Failure:computation not started
User(VHDL) Code Called Simulation Stop
In process tb_comparison.vhd:stim_proc 
 
INFO: Simulator is stopped.
ISim P.20131013 (signature 0x7708f090)
WARNING: A WEBPACK license was found.
WARNING: Please use Xilinx License Configuration Manager to check out a full ISim license.
WARNING: ISim will run in Lite mode. Please refer to the ISim documentation for more information on the differences between the Lite and the Full version.
This is a Lite version of ISim.
# run 1000 ns
Simulator is doing circuit initialization process.
Finished circuit initialization process.
ISim P.20131013 (signature 0x7708f090)
WARNING: A WEBPACK license was found.
WARNING: Please use Xilinx License Configuration Manager to check out a full ISim license.
WARNING: ISim will run in Lite mode. Please refer to the ISim documentation for more information on the differences between the Lite and the Full version.
This is a Lite version of ISim.
# run 1000 ns
Simulator is doing circuit initialization process.
Finished circuit initialization process.
ISim P.20131013 (signature 0x7708f090)
WARNING: A WEBPACK license was found.
WARNING: Please use Xilinx License Configuration Manager to check out a full ISim license.
WARNING: ISim will run in Lite mode. Please refer to the ISim documentation for more information on the differences between the Lite and the Full version.
This is a Lite version of ISim.
# run 1000 ns
Simulator is doing circuit initialization process.
Finished circuit initialization process.

** Failure:wrong max
User(VHDL) Code Called Simulation Stop
In process tb_comparison.vhd:stim_proc 
 
INFO: Simulator is stopped.
ISim P.20131013 (signature 0x7708f090)
WARNING: A WEBPACK license was found.
WARNING: Please use Xilinx License Configuration Manager to check out a full ISim license.
WARNING: ISim will run in Lite mode. Please refer to the ISim documentation for more information on the differences between the Lite and the Full version.
This is a Lite version of ISim.
# run 1000 ns
Simulator is doing circuit initialization process.
Finished circuit initialization process.

** Failure:wrong curr
User(VHDL) Code Called Simulation Stop
In process tb_comparison.vhd:stim_proc 
 
INFO: Simulator is stopped.
ISim P.20131013 (signature 0x7708f090)
WARNING: A WEBPACK license was found.
WARNING: Please use Xilinx License Configuration Manager to check out a full ISim license.
WARNING: ISim will run in Lite mode. Please refer to the ISim documentation for more information on the differences between the Lite and the Full version.
This is a Lite version of ISim.
# run 1000 ns
Simulator is doing circuit initialization process.
Finished circuit initialization process.

** Failure:wrong curr in inital data
User(VHDL) Code Called Simulation Stop
In process tb_comparison.vhd:stim_proc 
 
INFO: Simulator is stopped.
ISim P.20131013 (signature 0x7708f090)
WARNING: A WEBPACK license was found.
WARNING: Please use Xilinx License Configuration Manager to check out a full ISim license.
WARNING: ISim will run in Lite mode. Please refer to the ISim documentation for more information on the differences between the Lite and the Full version.
This is a Lite version of ISim.
# run 1000 ns
Simulator is doing circuit initialization process.
Finished circuit initialization process.

** Failure:wrong min in inital data
User(VHDL) Code Called Simulation Stop
In process tb_comparison.vhd:stim_proc 
 
INFO: Simulator is stopped.
ISim P.20131013 (signature 0x7708f090)
WARNING: A WEBPACK license was found.
WARNING: Please use Xilinx License Configuration Manager to check out a full ISim license.
WARNING: ISim will run in Lite mode. Please refer to the ISim documentation for more information on the differences between the Lite and the Full version.
This is a Lite version of ISim.
# run 1000 ns
Simulator is doing circuit initialization process.
Finished circuit initialization process.

** Failure:wrong curr in inital data
User(VHDL) Code Called Simulation Stop
In process tb_comparison.vhd:stim_proc 
 
INFO: Simulator is stopped.
ISim P.20131013 (signature 0x7708f090)
WARNING: A WEBPACK license was found.
WARNING: Please use Xilinx License Configuration Manager to check out a full ISim license.
WARNING: ISim will run in Lite mode. Please refer to the ISim documentation for more information on the differences between the Lite and the Full version.
This is a Lite version of ISim.
# run 1000 ns
Simulator is doing circuit initialization process.
Finished circuit initialization process.

** Failure:wrong max in inital data
User(VHDL) Code Called Simulation Stop
In process tb_comparison.vhd:stim_proc 
 
INFO: Simulator is stopped.
