Command line:
   temperature_tb_isim_beh.exe
     -simmode  gui
     -simrunnum  0
     -socket  65011

Thu Nov 28 11:49:06 2019


 Elaboration Time: 0.0625 sec

 Current Memory Usage: 5160.01 Meg

 Total Signals          : 33
 Total Nets             : 111
 Total Signal Drivers   : 26
 Total Blocks           : 4
 Total Primitive Blocks : 2
 Total Processes        : 7
 Total Traceable Variables  : 8
 Total Scalar Nets and Variables : 471
Total Line Count : 164

 Total Simulation Time: 42 sec

 Current Memory Usage: 5002.73 Meg

Thu Nov 28 11:53:26 2019

