Command line:
   tb_translator_isim_beh.exe
     -simmode  gui
     -simrunnum  0
     -socket  58178

Tue Nov 26 19:20:13 2019


 Elaboration Time: 0.046875 sec

 Current Memory Usage: 5160.1 Meg

 Total Signals          : 35
 Total Nets             : 92
 Total Signal Drivers   : 14
 Total Blocks           : 6
 Total Primitive Blocks : 4
 Total Processes        : 7
 Total Traceable Variables  : 17
 Total Scalar Nets and Variables : 579
Total Line Count : 85

 Total Simulation Time: 0.09375 sec

 Current Memory Usage: 5160.1 Meg

Tue Nov 26 19:20:22 2019

