Running: fuse.exe -relaunch -intstyle "ise" -incremental -lib "secureip" -o "D:/uni/2019-2020/CTH/Digital_project_laboratory/project/vhdl/top_termometer/temperature_tb_isim_beh.exe" -prj "D:/uni/2019-2020/CTH/Digital_project_laboratory/project/vhdl/top_termometer/temperature_tb_beh.prj" "work.temperature_tb" 
ISim P.20131013 (signature 0x7708f090)
Number of CPUs detected in this system: 8
Turning on mult-threading, number of parallel sub-compilation jobs: 16 
Determining compilation order of HDL files
Parsing VHDL file "D:/uni/2019-2020/CTH/Digital_project_laboratory/project/vhdl/top_termometer/../interface_tmp_sensor/clock_enable.vhdl" into library work
Parsing VHDL file "D:/uni/2019-2020/CTH/Digital_project_laboratory/project/vhdl/top_termometer/../interface_tmp_sensor/temperature.vhdl" into library work
Parsing VHDL file "D:/uni/2019-2020/CTH/Digital_project_laboratory/project/vhdl/top_termometer/../interface_tmp_sensor/temperature_tb.vhdl" into library work
Starting static elaboration
Completed static elaboration
Compiling package standard
Compiling package std_logic_1164
Compiling architecture beh of entity clock_enable [clock_enable_default]
Compiling architecture beh of entity temperature [temperature_default]
Compiling architecture arc of entity temperature_tb
Time Resolution for simulation is 1ps.
Waiting for 1 sub-compilation(s) to finish...
WARNING:Simulator - Unable to copy libPortabilityNOSH.dll to the simulation executable directory: boost::filesystem::copy_file: The system cannot find the path specified, "isim\temperature_tb_isim_beh.exe.sim\libPortability.dll".
Compiled 7 VHDL Units
Built simulation executable D:/uni/2019-2020/CTH/Digital_project_laboratory/project/vhdl/top_termometer/temperature_tb_isim_beh.exe
Fuse Memory Usage: 29868 KB
Fuse CPU Usage: 452 ms
