Release 14.7 - ngc2edif P.20131013 (nt64)
Copyright (c) 1995-2013 Xilinx, Inc.  All rights reserved.
Reading design top_termometer.ngc ...
WARNING:NetListWriters:298 - No output is written to top_termometer.xncf,
   ignored.
Processing design ...
   Preping design's networks ...
   Preping design's macros ...
WARNING:NetListWriters:306 - Signal bus interface_lcd/data_in_inter[4 : 0] on
   block top_termometer is not reconstructed, because there are some missing bus
   signals.
WARNING:NetListWriters:306 - Signal bus
   interface_tmp_sensor/clk_com/Madd_cnt[6]_GND_36_o_add_1_OUT_cy[4 : 0] on
   block top_termometer is not reconstructed, because there are some missing bus
   signals.
WARNING:NetListWriters:306 - Signal bus
   interface_tmp_sensor/state[3]_X_12_o_wide_mux_137_OUT[6 : 1] on block
   top_termometer is not reconstructed, because there are some missing bus
   signals.
WARNING:NetListWriters:306 - Signal bus interface_tmp_sensor/writetemp[6 : 0] on
   block top_termometer is not reconstructed, because there are some missing bus
   signals.
WARNING:NetListWriters:306 - Signal bus
   interface_lcd/translate_int/data_in[8]_PWR_7_o_div_8/n0267[5 : 3] on block
   top_termometer is not reconstructed, because there are some missing bus
   signals.
WARNING:NetListWriters:306 - Signal bus
   interface_lcd/interface/GND_5_o_GND_5_o_select_28_OUT[7 : 3] on block
   top_termometer is not reconstructed, because there are some missing bus
   signals.
WARNING:NetListWriters:306 - Signal bus comparison_block/b_io[8 : 2] on block
   top_termometer is not reconstructed, because there are some missing bus
   signals.
  finished :Prep
Writing EDIF netlist file top_termometer.edif ...
ngc2edif: Total memory usage is 4315008 kilobytes

Release 14.7 - ngc2edif P.20131013 (nt64)
Copyright (c) 1995-2013 Xilinx, Inc.  All rights reserved.
Reading design top_termometer.ngc ...
WARNING:NetListWriters:298 - No output is written to top_termometer.xncf,
   ignored.
Processing design ...
   Preping design's networks ...
   Preping design's macros ...
WARNING:NetListWriters:306 - Signal bus interface_lcd/data_in_inter[4 : 0] on
   block top_termometer is not reconstructed, because there are some missing bus
   signals.
WARNING:NetListWriters:306 - Signal bus
   interface_tmp_sensor/clk_com/Madd_cnt[6]_GND_36_o_add_1_OUT_cy[4 : 0] on
   block top_termometer is not reconstructed, because there are some missing bus
   signals.
WARNING:NetListWriters:306 - Signal bus
   interface_tmp_sensor/state[3]_X_12_o_wide_mux_137_OUT[6 : 1] on block
   top_termometer is not reconstructed, because there are some missing bus
   signals.
WARNING:NetListWriters:306 - Signal bus interface_tmp_sensor/writetemp[6 : 0] on
   block top_termometer is not reconstructed, because there are some missing bus
   signals.
WARNING:NetListWriters:306 - Signal bus
   interface_lcd/translate_int/data_in[8]_PWR_7_o_div_8/n0267[5 : 3] on block
   top_termometer is not reconstructed, because there are some missing bus
   signals.
WARNING:NetListWriters:306 - Signal bus
   interface_lcd/interface/GND_5_o_GND_5_o_select_28_OUT[7 : 3] on block
   top_termometer is not reconstructed, because there are some missing bus
   signals.
WARNING:NetListWriters:306 - Signal bus comparison_block/b_io[8 : 2] on block
   top_termometer is not reconstructed, because there are some missing bus
   signals.
  finished :Prep
Writing EDIF netlist file top_termometer.edif ...
ngc2edif: Total memory usage is 4315008 kilobytes

