Release 14.7 Map P.20131013 (nt64)
Xilinx Mapping Report File for Design 'top_termometer'

Design Information
------------------
Command Line   : map -intstyle ise -p xc7a100tl-csg324-2L -w -logic_opt off -ol
high -t 1 -xt 0 -register_duplication off -r 4 -mt off -detail -ir off -pr off
-lc off -power off -o top_termometer_map.ncd top_termometer.ngd
top_termometer.pcf 
Target Device  : xc7a100tl
Target Package : csg324
Target Speed   : -2l
Mapper Version : artix7l -- $Revision: 1.55 $
Mapped Date    : Fri Nov 29 18:59:26 2019

Design Summary
--------------
Number of errors:      0
Number of warnings:    2
Slice Logic Utilization:
  Number of Slice Registers:                   160 out of 126,800    1%
    Number used as Flip Flops:                 158
    Number used as Latches:                      2
    Number used as Latch-thrus:                  0
    Number used as AND/OR logics:                0
  Number of Slice LUTs:                        418 out of  63,400    1%
    Number used as logic:                      415 out of  63,400    1%
      Number using O6 output only:             314
      Number using O5 output only:              14
      Number using O5 and O6:                   87
      Number used as ROM:                        0
    Number used as Memory:                       0 out of  19,000    0%
    Number used exclusively as route-thrus:      3
      Number with same-slice register load:      0
      Number with same-slice carry load:         3
      Number with other load:                    0

Slice Logic Distribution:
  Number of occupied Slices:                   183 out of  15,850    1%
  Number of LUT Flip Flop pairs used:          442
    Number with an unused Flip Flop:           288 out of     442   65%
    Number with an unused LUT:                  24 out of     442    5%
    Number of fully used LUT-FF pairs:         130 out of     442   29%
    Number of unique control sets:              27
    Number of slice register sites lost
      to control set restrictions:             152 out of 126,800    1%

  A LUT Flip Flop pair for this architecture represents one LUT paired with
  one Flip Flop within a slice.  A control set is a unique combination of
  clock, reset, set, and enable signals for a registered element.
  The Slice Logic Distribution report is not meaningful if the design is
  over-mapped for a non-slice resource or if Placement fails.
  OVERMAPPING of BRAM resources should be ignored if the design is
  over-mapped for a non-BRAM resource or if placement fails.

IO Utilization:
  Number of bonded IOBs:                        16 out of     210    7%
    Number of LOCed IOBs:                       16 out of      16  100%

Specific Feature Utilization:
  Number of RAMB36E1/FIFO36E1s:                  0 out of     135    0%
  Number of RAMB18E1/FIFO18E1s:                  0 out of     270    0%
  Number of BUFG/BUFGCTRLs:                      2 out of      32    6%
    Number used as BUFGs:                        2
    Number used as BUFGCTRLs:                    0
  Number of IDELAYE2/IDELAYE2_FINEDELAYs:        0 out of     300    0%
  Number of ILOGICE2/ILOGICE3/ISERDESE2s:        0 out of     300    0%
  Number of ODELAYE2/ODELAYE2_FINEDELAYs:        0
  Number of OLOGICE2/OLOGICE3/OSERDESE2s:        1 out of     300    1%
    Number used as OLOGICE2s:                    1
    Number used as OLOGICE3s:                    0
    Number used as OSERDESE2s:                   0
  Number of PHASER_IN/PHASER_IN_PHYs:            0 out of      24    0%
  Number of PHASER_OUT/PHASER_OUT_PHYs:          0 out of      24    0%
  Number of BSCANs:                              0 out of       4    0%
  Number of BUFHCEs:                             0 out of      96    0%
  Number of BUFRs:                               0 out of      24    0%
  Number of CAPTUREs:                            0 out of       1    0%
  Number of DNA_PORTs:                           0 out of       1    0%
  Number of DSP48E1s:                            0 out of     240    0%
  Number of EFUSE_USRs:                          0 out of       1    0%
  Number of FRAME_ECCs:                          0 out of       1    0%
  Number of IBUFDS_GTE2s:                        0 out of       4    0%
  Number of ICAPs:                               0 out of       2    0%
  Number of IDELAYCTRLs:                         0 out of       6    0%
  Number of IN_FIFOs:                            0 out of      24    0%
  Number of MMCME2_ADVs:                         1 out of       6   16%
  Number of OUT_FIFOs:                           0 out of      24    0%
  Number of PCIE_2_1s:                           0 out of       1    0%
  Number of PHASER_REFs:                         0 out of       6    0%
  Number of PHY_CONTROLs:                        0 out of       6    0%
  Number of PLLE2_ADVs:                          0 out of       6    0%
  Number of STARTUPs:                            0 out of       1    0%
  Number of XADCs:                               0 out of       1    0%

Average Fanout of Non-Clock Nets:                4.55

Peak Memory Usage:  5036 MB
Total REAL time to MAP completion:  34 secs 
Total CPU time to MAP completion:   33 secs 

Table of Contents
-----------------
Section 1 - Errors
Section 2 - Warnings
Section 3 - Informational
Section 4 - Removed Logic Summary
Section 5 - Removed Logic
Section 6 - IOB Properties
Section 7 - RPMs
Section 8 - Guide Report
Section 9 - Area Group and Partition Summary
Section 10 - Timing Report
Section 11 - Configuration String Information
Section 12 - Control Set Information
Section 13 - Utilization by Hierarchy

Section 1 - Errors
------------------

Section 2 - Warnings
--------------------
WARNING:PhysDesignRules:372 - Gated clock. Clock net start_comparison is sourced
   by a combinatorial pin. This is not good design practice. Use the CE pin to
   control the loading of data into the flip-flop.
WARNING:PhysDesignRules:372 - Gated clock. Clock net
   cu/curr_state[2]_GND_56_o_Mux_26_o is sourced by a combinatorial pin. This is
   not good design practice. Use the CE pin to control the loading of data into
   the flip-flop.

Section 3 - Informational
-------------------------
INFO:LIT:244 - All of the single ended outputs in this design are using slew
   rate limited output drivers. The delay on speed critical single ended outputs
   can be dramatically reduced by designating them as fast outputs.
INFO:Pack:1716 - Initializing temperature to 100.000 Celsius. (default - Range:
   0.000 to 100.000 Celsius)
INFO:Pack:1720 - Initializing voltage to 0.870 Volts. (default - Range: 0.870 to
   0.930 Volts)
INFO:Map:215 - The Interim Design Summary has been generated in the MAP Report
   (.mrp).
INFO:Pack:1650 - Map created a placed design.

Section 4 - Removed Logic Summary
---------------------------------
   2 block(s) optimized away
  17 Block(s) redundant

Section 5 - Removed Logic
-------------------------

Optimized Block(s):
TYPE 		BLOCK
GND 		XST_GND
VCC 		XST_VCC

Redundant Block(s):
TYPE 		BLOCK
LUT1 		interface_lcd/clk_enable_unit/Mcount_count_cy<1>_rt
LUT1 		interface_lcd/clk_enable_unit/Mcount_count_cy<2>_rt
LUT1 		interface_lcd/clk_enable_unit/Mcount_count_cy<3>_rt
LUT1 		interface_lcd/clk_enable_unit/Mcount_count_cy<4>_rt
LUT1 		interface_lcd/clk_enable_unit/Mcount_count_cy<5>_rt
LUT1 		interface_lcd/clk_enable_unit/Mcount_count_cy<6>_rt
LUT1 		interface_lcd/clk_enable_unit/Mcount_count_cy<7>_rt
LUT1 		interface_lcd/clk_enable_unit/Mcount_count_cy<8>_rt
LUT1 		interface_lcd/clk_enable_unit/Mcount_count_cy<9>_rt
LUT1 		interface_lcd/clk_enable_unit/Mcount_count_cy<10>_rt
LUT1 		interface_lcd/clk_enable_unit/Mcount_count_cy<11>_rt
LUT1 		interface_lcd/clk_enable_unit/Mcount_count_cy<12>_rt
LUT1
		interface_lcd/interface/Madd_writing_counter[31]_GND_5_o_add_49_OUT_cy<2>_rt
LUT1
		interface_lcd/interface/Madd_writing_counter[31]_GND_5_o_add_49_OUT_cy<1>_rt
LUT1 		interface_lcd/clk_enable_unit/Mcount_count_xor<13>_rt
LUT1 		interface_lcd/interface/Mcount_init_count_xor<1>_rt
LUT1
		interface_lcd/interface/Madd_writing_counter[31]_GND_5_o_add_49_OUT_xor<3>_rt

Section 6 - IOB Properties
--------------------------

+---------------------------------------------------------------------------------------------------------------------------------------------------------+
| IOB Name                           | Type             | Direction | IO Standard          | Diff  | Drive    | Slew | Reg (s)      | Resistor | IOB      |
|                                    |                  |           |                      | Term  | Strength | Rate |              |          | Delay    |
+---------------------------------------------------------------------------------------------------------------------------------------------------------+
| ind_outd_sw                        | IOB              | INPUT     | LVCMOS18             |       |          |      |              |          |          |
| lcd_data<0>                        | IOB              | OUTPUT    | LVCMOS18             |       | 12       | SLOW |              |          |          |
| lcd_data<1>                        | IOB              | OUTPUT    | LVCMOS18             |       | 12       | SLOW |              |          |          |
| lcd_data<2>                        | IOB              | OUTPUT    | LVCMOS18             |       | 12       | SLOW |              |          |          |
| lcd_data<3>                        | IOB              | OUTPUT    | LVCMOS18             |       | 12       | SLOW |              |          |          |
| lcd_data<4>                        | IOB              | OUTPUT    | LVCMOS18             |       | 12       | SLOW |              |          |          |
| lcd_data<5>                        | IOB              | OUTPUT    | LVCMOS18             |       | 12       | SLOW |              |          |          |
| lcd_data<6>                        | IOB              | OUTPUT    | LVCMOS18             |       | 12       | SLOW |              |          |          |
| lcd_data<7>                        | IOB              | OUTPUT    | LVCMOS18             |       | 12       | SLOW |              |          |          |
| lcd_enable                         | IOB              | OUTPUT    | LVCMOS18             |       | 12       | SLOW |              |          |          |
| lcd_rs                             | IOB              | OUTPUT    | LVCMOS18             |       | 12       | SLOW |              |          |          |
| lcd_rw                             | IOB              | OUTPUT    | LVCMOS18             |       | 12       | SLOW |              |          |          |
| main_clk                           | IOB              | INPUT     | LVCMOS18             |       |          |      |              |          |          |
| reset                              | IOB              | INPUT     | LVCMOS18             |       |          |      |              |          |          |
| system_ready                       | IOB              | OUTPUT    | LVCMOS18             |       | 12       | SLOW |              |          |          |
| tmp_sensor                         | IOB              | BIDIR     | LVCMOS18             |       | 12       | SLOW |              |          |          |
+---------------------------------------------------------------------------------------------------------------------------------------------------------+

Section 7 - RPMs
----------------

Section 8 - Guide Report
------------------------
Guide not run on this design.

Section 9 - Area Group and Partition Summary
--------------------------------------------

Partition Implementation Status
-------------------------------

  No Partitions were found in this design.

-------------------------------

Area Group Information
----------------------

  No area groups were found in this design.

----------------------

Section 10 - Timing Report
--------------------------
A logic-level (pre-route) timing report can be generated by using Xilinx static
timing analysis tools, Timing Analyzer (GUI) or TRCE (command line), with the
mapped NCD and PCF files. Please note that this timing report will be generated
using estimated delay information. For accurate numbers, please generate a
timing report with the post Place and Route NCD file.

For more information about the Timing Analyzer, consult the Xilinx Timing
Analyzer Reference Manual; for more information about TRCE, consult the Xilinx
Command Line Tools User Guide "TRACE" chapter.

Section 11 - Configuration String Details
-----------------------------------------
MMCME2_ADV "clk_gen/mmcm_adv_inst":
BANDWIDTH:OPTIMIZED
CLKBURST_ENABLE:FALSE
CLKBURST_REPEAT:FALSE
CLKFBIN_EDGE:FALSE
CLKFBIN_NOCOUNT:TRUE
CLKFBOUT_EDGE:FALSE
CLKFBOUT_EN:TRUE
CLKFBOUT_FRAC_EN:FALSE
CLKFBOUT_FRAC_WF_FALL:FALSE
CLKFBOUT_FRAC_WF_RISE:FALSE
CLKFBOUT_NOCOUNT:TRUE
CLKFBOUT_USE_FINE_PS:FALSE
CLKOUT0_EDGE:FALSE
CLKOUT0_EN:FALSE
CLKOUT0_FRAC_EN:FALSE
CLKOUT0_FRAC_WF_FALL:FALSE
CLKOUT0_FRAC_WF_RISE:FALSE
CLKOUT0_NOCOUNT:TRUE
CLKOUT0_USE_FINE_PS:FALSE
CLKOUT1_EDGE:FALSE
CLKOUT1_EN:FALSE
CLKOUT1_NOCOUNT:TRUE
CLKOUT1_USE_FINE_PS:FALSE
CLKOUT2_EDGE:FALSE
CLKOUT2_EN:FALSE
CLKOUT2_NOCOUNT:TRUE
CLKOUT2_USE_FINE_PS:FALSE
CLKOUT3_EDGE:FALSE
CLKOUT3_EN:FALSE
CLKOUT3_NOCOUNT:TRUE
CLKOUT3_USE_FINE_PS:FALSE
CLKOUT4_CASCADE:FALSE
CLKOUT4_EDGE:FALSE
CLKOUT4_EN:FALSE
CLKOUT4_NOCOUNT:TRUE
CLKOUT4_USE_FINE_PS:FALSE
CLKOUT5_EDGE:FALSE
CLKOUT5_EN:FALSE
CLKOUT5_NOCOUNT:TRUE
CLKOUT5_USE_FINE_PS:FALSE
CLKOUT6_EDGE:FALSE
CLKOUT6_EN:FALSE
CLKOUT6_NOCOUNT:TRUE
CLKOUT6_USE_FINE_PS:FALSE
COMPENSATION:ZHOLD
DIRECT_PATH_CNTRL:FALSE
DIVCLK_EDGE:FALSE
DIVCLK_NOCOUNT:TRUE
EN_VCO_DIV1:FALSE
EN_VCO_DIV6:FALSE
GTS_WAIT:FALSE
HVLF_CNT_TEST_EN:FALSE
INTERP_TEST:FALSE
IN_DLY_EN:TRUE
LF_LOW_SEL:FALSE
MMCM_EN:TRUE
PERF0_USE_CLK:FALSE
PERF1_USE_CLK:FALSE
PERF2_USE_CLK:FALSE
PERF3_USE_CLK:FALSE
SEL_HV_NMOS:FALSE
SEL_LV_NMOS:FALSE
SEL_SLIPD:FALSE
SS_EN:FALSE
SS_MODE:CENTER_HIGH
STARTUP_WAIT:FALSE
SUP_SEL_AREG:FALSE
SUP_SEL_DREG:FALSE
TMUX_MUX_SEL:00
VLF_HIGH_DIS_B:TRUE
VLF_HIGH_PWDN_B:TRUE
CLKFBOUT_MULT_F = 32.0
CLKFBOUT_PHASE = 0.0
CLKIN1_PERIOD = 10
CLKIN2_PERIOD = 0
CLKOUT0_DIVIDE_F = 128.0
CLKOUT0_DUTY_CYCLE = 0.5
CLKOUT0_PHASE = 0.0
CLKOUT1_DIVIDE = 1
CLKOUT1_DUTY_CYCLE = 0.5
CLKOUT1_PHASE = 0.0
CLKOUT2_DIVIDE = 1
CLKOUT2_DUTY_CYCLE = 0.5
CLKOUT2_PHASE = 0.0
CLKOUT3_DIVIDE = 1
CLKOUT3_DUTY_CYCLE = 0.5
CLKOUT3_PHASE = 0.0
CLKOUT4_DIVIDE = 1
CLKOUT4_DUTY_CYCLE = 0.5
CLKOUT4_PHASE = 0.0
CLKOUT5_DIVIDE = 1
CLKOUT5_DUTY_CYCLE = 0.5
CLKOUT5_PHASE = 0.0
CLKOUT6_DIVIDE = 1
CLKOUT6_DUTY_CYCLE = 0.5
CLKOUT6_PHASE = 0.0
DIVCLK_DIVIDE = 5
REF_JITTER1 = 0.01
REF_JITTER2 = 0.0
SS_MOD_PERIOD = 10000



Section 12 - Control Set Information
------------------------------------
+--------------------------------------------------------------------------------------------------------------------------------------------------------------------------+
| Clock Signal                        | Reset Signal                        | Set Signal | Enable Signal                               | Slice Load Count | Bel Load Count |
+--------------------------------------------------------------------------------------------------------------------------------------------------------------------------+
| clk                                 |                                     |            |                                             | 1                | 1              |
| clk                                 |                                     |            | cu/reset_inv                                | 1                | 2              |
| clk                                 |                                     |            | interface_lcd/interface/_n0400_inv          | 1                | 2              |
| clk                                 |                                     |            | interface_lcd/interface/_n0419_inv          | 3                | 4              |
| clk                                 |                                     |            | interface_lcd/interface/_n0441_inv          | 1                | 1              |
| clk                                 |                                     |            | interface_lcd/interface/reset_inv           | 6                | 10             |
| clk                                 |                                     |            | interface_tmp_sensor/_n0590_inv             | 1                | 1              |
| clk                                 |                                     |            | interface_tmp_sensor/_n0647_inv             | 6                | 10             |
| clk                                 |                                     |            | interface_tmp_sensor/nrst_state[3]_AND_59_o | 1                | 1              |
| clk                                 | interface_lcd/translate_int/reset_i |            |                                             | 1                | 3              |
| clk                                 | interface_tmp_sensor/nrst_inv       |            |                                             | 7                | 12             |
| clk                                 | interface_tmp_sensor/nrst_inv       |            | interface_tmp_sensor/_n0438_inv             | 1                | 4              |
| clk                                 | interface_tmp_sensor/nrst_inv       |            | interface_tmp_sensor/_n0452_inv             | 1                | 4              |
| clk                                 | interface_tmp_sensor/nrst_inv       |            | interface_tmp_sensor/_n0482_inv             | 2                | 6              |
| clk                                 | interface_tmp_sensor/nrst_inv       |            | interface_tmp_sensor/_n0482_inv2            | 2                | 4              |
| clk                                 | interface_tmp_sensor/nrst_inv       |            | interface_tmp_sensor/_n0499_inv             | 3                | 9              |
| clk                                 | interface_tmp_sensor/nrst_inv       |            | interface_tmp_sensor/_n0527_inv             | 1                | 1              |
| clk                                 | interface_tmp_sensor/nrst_inv       |            | interface_tmp_sensor/_n0531_inv             | 1                | 1              |
| clk                                 | interface_tmp_sensor/nrst_inv       |            | interface_tmp_sensor/_n0535_inv             | 1                | 1              |
| clk                                 | reset_IBUF                          |            |                                             | 5                | 14             |
| clk                                 | reset_IBUF                          |            | cu/enable_wd                                | 1                | 1              |
| clk                                 | reset_top                           |            |                                             | 8                | 21             |
| clk                                 | reset_top                           |            | comparison_block/enable_reg                 | 6                | 18             |
| clk                                 | reset_top                           |            | comparison_block/enable_reg_out             | 6                | 18             |
| clk                                 | reset_top                           |            | start_comparison                            | 3                | 9              |
+--------------------------------------------------------------------------------------------------------------------------------------------------------------------------+
| ~cu/curr_state[2]_GND_56_o_Mux_26_o |                                     |            |                                             | 1                | 1              |
+--------------------------------------------------------------------------------------------------------------------------------------------------------------------------+
| ~start_comparison                   |                                     |            |                                             | 1                | 1              |
+--------------------------------------------------------------------------------------------------------------------------------------------------------------------------+

Section 13 - Utilization by Hierarchy
-------------------------------------
+--------------------------------------------------------------------------------------------------------------------------------------------------------------------------------------------------------------------------+
| Module                | Partition | Slices*       | Slice Reg     | LUTs          | LUTRAM        | BRAM/FIFO | DSP48E1 | BUFG  | BUFIO | BUFR  | MMCME2_AD | Full Hierarchical Name                                     |
+--------------------------------------------------------------------------------------------------------------------------------------------------------------------------------------------------------------------------+
| top_termometer/       |           | 1/183         | 0/160         | 1/418         | 0/0           | 0/0       | 0/0     | 0/2   | 0/0   | 0/0   | 0/1       | top_termometer                                             |
| +clk_gen              |           | 0/0           | 0/0           | 0/0           | 0/0           | 0/0       | 0/0     | 2/2   | 0/0   | 0/0   | 1/1       | top_termometer/clk_gen                                     |
| +comparison_block     |           | 1/31          | 0/48          | 1/61          | 0/0           | 0/0       | 0/0     | 0/0   | 0/0   | 0/0   | 0/0       | top_termometer/comparison_block                            |
| ++comp                |           | 2/2           | 1/1           | 5/5           | 0/0           | 0/0       | 0/0     | 0/0   | 0/0   | 0/0   | 0/0       | top_termometer/comparison_block/comp                       |
| ++curr_tmp_reg        |           | 3/3           | 9/9           | 0/0           | 0/0           | 0/0       | 0/0     | 0/0   | 0/0   | 0/0   | 0/0       | top_termometer/comparison_block/curr_tmp_reg               |
| ++max_tmp_reg_ind     |           | 3/3           | 9/9           | 0/0           | 0/0           | 0/0       | 0/0     | 0/0   | 0/0   | 0/0   | 0/0       | top_termometer/comparison_block/max_tmp_reg_ind            |
| ++max_tmp_reg_out     |           | 3/3           | 9/9           | 0/0           | 0/0           | 0/0       | 0/0     | 0/0   | 0/0   | 0/0   | 0/0       | top_termometer/comparison_block/max_tmp_reg_out            |
| ++min_tmp_reg_ind     |           | 3/3           | 9/9           | 0/0           | 0/0           | 0/0       | 0/0     | 0/0   | 0/0   | 0/0   | 0/0       | top_termometer/comparison_block/min_tmp_reg_ind            |
| ++min_tmp_reg_out     |           | 3/3           | 9/9           | 0/0           | 0/0           | 0/0       | 0/0     | 0/0   | 0/0   | 0/0   | 0/0       | top_termometer/comparison_block/min_tmp_reg_out            |
| ++mux_1               |           | 3/3           | 0/0           | 9/9           | 0/0           | 0/0       | 0/0     | 0/0   | 0/0   | 0/0   | 0/0       | top_termometer/comparison_block/mux_1                      |
| ++mux_4               |           | 0/0           | 0/0           | 9/9           | 0/0           | 0/0       | 0/0     | 0/0   | 0/0   | 0/0   | 0/0       | top_termometer/comparison_block/mux_4                      |
| ++mux_5               |           | 0/0           | 0/0           | 0/0           | 0/0           | 0/0       | 0/0     | 0/0   | 0/0   | 0/0   | 0/0       | top_termometer/comparison_block/mux_5                      |
| ++mux_6               |           | 0/0           | 0/0           | 9/9           | 0/0           | 0/0       | 0/0     | 0/0   | 0/0   | 0/0   | 0/0       | top_termometer/comparison_block/mux_6                      |
| ++mux_7               |           | 0/0           | 0/0           | 0/0           | 0/0           | 0/0       | 0/0     | 0/0   | 0/0   | 0/0   | 0/0       | top_termometer/comparison_block/mux_7                      |
| ++mux_out             |           | 9/9           | 0/0           | 27/27         | 0/0           | 0/0       | 0/0     | 0/0   | 0/0   | 0/0   | 0/0       | top_termometer/comparison_block/mux_out                    |
| ++state_count         |           | 1/1           | 2/2           | 1/1           | 0/0           | 0/0       | 0/0     | 0/0   | 0/0   | 0/0   | 0/0       | top_termometer/comparison_block/state_count                |
| +cu                   |           | 8/12          | 8/18          | 9/23          | 0/0           | 0/0       | 0/0     | 0/0   | 0/0   | 0/0   | 0/0       | top_termometer/cu                                          |
| ++watch_dog           |           | 4/4           | 10/10         | 14/14         | 0/0           | 0/0       | 0/0     | 0/0   | 0/0   | 0/0   | 0/0       | top_termometer/cu/watch_dog                                |
| +interface_lcd        |           | 2/88          | 0/39          | 1/199         | 0/0           | 0/0       | 0/0     | 0/0   | 0/0   | 0/0   | 0/0       | top_termometer/interface_lcd                               |
| ++clk_enable_unit     |           | 10/10         | 15/15         | 31/31         | 0/0           | 0/0       | 0/0     | 0/0   | 0/0   | 0/0   | 0/0       | top_termometer/interface_lcd/clk_enable_unit               |
| ++interface           |           | 51/51         | 21/21         | 110/110       | 0/0           | 0/0       | 0/0     | 0/0   | 0/0   | 0/0   | 0/0       | top_termometer/interface_lcd/interface                     |
| ++translate_int       |           | 25/25         | 0/3           | 54/57         | 0/0           | 0/0       | 0/0     | 0/0   | 0/0   | 0/0   | 0/0       | top_termometer/interface_lcd/translate_int                 |
| +++counter_select     |           | 0/0           | 3/3           | 3/3           | 0/0           | 0/0       | 0/0     | 0/0   | 0/0   | 0/0   | 0/0       | top_termometer/interface_lcd/translate_int/counter_select  |
| +++mux                |           | 0/0           | 0/0           | 0/0           | 0/0           | 0/0       | 0/0     | 0/0   | 0/0   | 0/0   | 0/0       | top_termometer/interface_lcd/translate_int/mux             |
| +interface_tmp_sensor |           | 51/51         | 55/55         | 134/134       | 0/0           | 0/0       | 0/0     | 0/0   | 0/0   | 0/0   | 0/0       | top_termometer/interface_tmp_sensor                        |
+--------------------------------------------------------------------------------------------------------------------------------------------------------------------------------------------------------------------------+

* Slices can be packed with basic elements from multiple hierarchies.
  Therefore, a slice will be counted in every hierarchical module
  that each of its packed basic elements belong to.
** For each column, there are two numbers reported <A>/<B>.
   <A> is the number of elements that belong to that specific hierarchical module.
   <B> is the total number of elements from that hierarchical module and any lower level
   hierarchical modules below.
*** The LUTRAM column counts all LUTs used as memory including RAM, ROM, and shift registers.
