Command line:
   tb_main_control_unit_isim_beh.exe
     -simmode  gui
     -simrunnum  0
     -socket  64736

Thu Nov 28 10:49:42 2019


 Elaboration Time: 0.046875 sec

 Current Memory Usage: 5160.16 Meg

 Total Signals          : 38
 Total Nets             : 37
 Total Signal Drivers   : 21
 Total Blocks           : 6
 Total Primitive Blocks : 4
 Total Processes        : 6
 Total Traceable Variables  : 45
 Total Scalar Nets and Variables : 646
Total Line Count : 203

 Total Simulation Time: 0.09375 sec

 Current Memory Usage: 5160.16 Meg

Thu Nov 28 10:49:54 2019

