Command line:
   top_display_isim_beh.exe
     -simmode  gui
     -simrunnum  0
     -socket  64855

Thu Nov 28 11:18:49 2019


 Elaboration Time: 0.015625 sec

 Current Memory Usage: 5160.75 Meg

 Total Signals          : 62
 Total Nets             : 119
 Total Signal Drivers   : 20
 Total Blocks           : 9
 Total Primitive Blocks : 7
 Total Processes        : 8
 Total Traceable Variables  : 46
 Total Scalar Nets and Variables : 729
Total Line Count : 260

 Total Simulation Time: 0.109375 sec

 Current Memory Usage: 5160.75 Meg

Thu Nov 28 11:18:56 2019

